/*C7*/SET SCHEMA PUBLIC
DELETE FROM ENTIDADE WHERE ID=20
DELETE FROM ENTIDADE WHERE ID=21
DELETE FROM ENTIDADE WHERE ID=22
DELETE FROM ENTIDADE WHERE ID=23
DELETE FROM ENTIDADE WHERE ID=24
COMMIT
INSERT INTO ENTIDADE VALUES(20,'TESTE 1',NULL,NULL,NULL,NULL,NULL,'2020-01-01')
COMMIT
INSERT INTO ENTIDADE VALUES(21,'TESTE 2',NULL,NULL,NULL,NULL,NULL,'2020-01-01')
COMMIT
INSERT INTO ENTIDADE VALUES(22,'TESTE 3',NULL,NULL,NULL,NULL,NULL,'2020-01-01')
COMMIT
INSERT INTO ENTIDADE VALUES(23,'TESTE 4',NULL,NULL,NULL,NULL,NULL,'2020-01-01')
COMMIT
INSERT INTO ENTIDADE VALUES(24,'TESTE 5',NULL,NULL,NULL,NULL,NULL,'2020-01-01')
COMMIT
/*C9*/SET SCHEMA PUBLIC
DELETE FROM ENTIDADE WHERE ID=20
DELETE FROM ENTIDADE WHERE ID=21
DELETE FROM ENTIDADE WHERE ID=22
DELETE FROM ENTIDADE WHERE ID=23
DELETE FROM ENTIDADE WHERE ID=24
COMMIT
INSERT INTO ENTIDADE VALUES(20,'TESTE 1',NULL,NULL,NULL,NULL,NULL,'2020-01-01')
COMMIT
INSERT INTO ENTIDADE VALUES(21,'TESTE 2',NULL,NULL,NULL,NULL,NULL,'2020-01-01')
COMMIT
INSERT INTO ENTIDADE VALUES(22,'TESTE 3',NULL,NULL,NULL,NULL,NULL,'2020-01-01')
COMMIT
INSERT INTO ENTIDADE VALUES(23,'TESTE 4',NULL,NULL,NULL,NULL,NULL,'2020-01-01')
COMMIT
INSERT INTO ENTIDADE VALUES(24,'TESTE 5',NULL,NULL,NULL,NULL,NULL,'2020-01-01')
COMMIT
/*C10*/SET SCHEMA PUBLIC
DELETE FROM ENTIDADE WHERE ID=21
COMMIT
/*C12*/SET SCHEMA PUBLIC
DELETE FROM ENTIDADE WHERE ID=20
DELETE FROM ENTIDADE WHERE ID=22
DELETE FROM ENTIDADE WHERE ID=23
DELETE FROM ENTIDADE WHERE ID=24
COMMIT
INSERT INTO ENTIDADE VALUES(20,'TESTE 1',NULL,NULL,NULL,NULL,NULL,'2020-01-01')
COMMIT
INSERT INTO ENTIDADE VALUES(21,'TESTE 2',NULL,NULL,NULL,NULL,NULL,'2020-01-01')
COMMIT
INSERT INTO ENTIDADE VALUES(22,'TESTE 3',NULL,NULL,NULL,NULL,NULL,'2020-01-01')
COMMIT
INSERT INTO ENTIDADE VALUES(23,'TESTE 4',NULL,NULL,NULL,NULL,NULL,'2020-01-01')
COMMIT
INSERT INTO ENTIDADE VALUES(24,'TESTE 5',NULL,NULL,NULL,NULL,NULL,'2020-01-01')
COMMIT
/*C14*/SET SCHEMA PUBLIC
DELETE FROM ENTIDADE WHERE ID=22
INSERT INTO ENTIDADE VALUES(22,'NOVO NOME TESTE',NULL,NULL,0,0,NULL,'2014-03-06')
COMMIT
